<?xml version="1.0" encoding="UTF-8"?>
<testsuite xmlns:xsi="http://www.w3.org/2001/XMLSchema-instance" xsi:noNamespaceSchemaLocation="https://maven.apache.org/surefire/maven-surefire-plugin/xsd/surefire-test-report-3.0.xsd" version="3.0" name="com.phonepe.platform.client.utils.HashUtilTest" time="0.007" tests="7" errors="0" skipped="0" failures="0">
  <properties>
[...]
</properties>
  <testcase name="isBase64ReturnsFalseForNullOrEmpty" classname="com.phonepe.platform.client.utils.HashUtilTest" time="0.002"/>
  <testcase name="encodeAndDecodeEmptyMapRoundTrips" classname="com.phonepe.platform.client.utils.HashUtilTest" time="0.0"/>
  <testcase name="encodeAndDecodeStringRoundTrips" classname="com.phonepe.platform.client.utils.HashUtilTest" time="0.0"/>
  <testcase name="isBase64ReturnsFalseForInvalidInput" classname="com.phonepe.platform.client.utils.HashUtilTest" time="0.0"/>
  <testcase name="encodeAndDecodeMapRoundTrips" classname="com.phonepe.platform.client.utils.HashUtilTest" time="0.001"/>
  <testcase name="decodeStringReturnsInputWhenNotBase64" classname="com.phonepe.platform.client.utils.HashUtilTest" time="0.0"/>
  <testcase name="isBase64ReturnsTrueForEncodedString" classname="com.phonepe.platform.client.utils.HashUtilTest" time="0.001"/>
</testsuite>